2018-12-18 20:15:52.522  INFO 13019 --- [restartedMain] com.Tester.tester.TesterApplication      : Starting TesterApplication on bobohaha with PID 13019 (/home/bobo/tester/target/classes started by bobo in /home/bobo/tester)
2018-12-18 20:15:52.523  INFO 13019 --- [restartedMain] com.Tester.tester.TesterApplication      : The following profiles are active: test
2018-12-18 20:15:52.644  INFO 13019 --- [restartedMain] trationDelegate$BeanPostProcessorChecker : Bean 'org.springframework.hateoas.config.HateoasConfiguration' of type [org.springframework.hateoas.config.HateoasConfiguration$$EnhancerBySpringCGLIB$$6396106e] is not eligible for getting processed by all BeanPostProcessors (for example: not eligible for auto-proxying)
2018-12-18 20:15:52.677  INFO 13019 --- [restartedMain] o.s.b.w.embedded.tomcat.TomcatWebServer  : Tomcat initialized with port(s): 8888 (http)
2018-12-18 20:15:52.678  INFO 13019 --- [restartedMain] o.apache.catalina.core.StandardService   : Starting service [Tomcat]
2018-12-18 20:15:52.678  INFO 13019 --- [restartedMain] org.apache.catalina.core.StandardEngine  : Starting Servlet Engine: Apache Tomcat/9.0.13
2018-12-18 20:15:52.681  INFO 13019 --- [restartedMain] o.a.c.c.C.[Tomcat].[localhost].[/]       : Initializing Spring embedded WebApplicationContext
2018-12-18 20:15:52.681  INFO 13019 --- [restartedMain] o.s.web.context.ContextLoader            : Root WebApplicationContext: initialization completed in 157 ms
2018-12-18 20:15:52.771  INFO 13019 --- [restartedMain] o.s.s.concurrent.ThreadPoolTaskExecutor  : Initializing ExecutorService 'applicationTaskExecutor'
2018-12-18 20:15:52.817  INFO 13019 --- [restartedMain] o.s.b.d.a.OptionalLiveReloadServer       : LiveReload server is running on port 35729
2018-12-18 20:15:52.826  INFO 13019 --- [restartedMain] o.s.b.w.embedded.tomcat.TomcatWebServer  : Tomcat started on port(s): 8888 (http) with context path ''
2018-12-18 20:15:52.826  INFO 13019 --- [restartedMain] com.Tester.tester.TesterApplication      : Started TesterApplication in 0.314 seconds (JVM running for 116.889)
2018-12-18 20:15:52.827  INFO 13019 --- [restartedMain] .ConditionEvaluationDeltaLoggingListener : Condition evaluation unchanged
2018-12-18 20:16:07.236  INFO 13019 --- [Thread-34] o.s.s.concurrent.ThreadPoolTaskExecutor  : Shutting down ExecutorService 'applicationTaskExecutor'
2018-12-18 20:16:07.371 ERROR 13019 --- [restartedMain] o.s.b.c.l.LoggingApplicationListener     : Cannot set level '' for 'null'
2018-12-18 20:16:07.373  INFO 13019 --- [restartedMain] com.Tester.tester.TesterApplication      : Starting TesterApplication on bobohaha with PID 13019 (/home/bobo/tester/target/classes started by bobo in /home/bobo/tester)
2018-12-18 20:16:07.374  INFO 13019 --- [restartedMain] com.Tester.tester.TesterApplication      : The following profiles are active: test
2018-12-18 20:16:07.525  INFO 13019 --- [restartedMain] trationDelegate$BeanPostProcessorChecker : Bean 'org.springframework.hateoas.config.HateoasConfiguration' of type [org.springframework.hateoas.config.HateoasConfiguration$$EnhancerBySpringCGLIB$$6396106e] is not eligible for getting processed by all BeanPostProcessors (for example: not eligible for auto-proxying)
2018-12-18 20:16:07.562  INFO 13019 --- [restartedMain] o.s.b.w.embedded.tomcat.TomcatWebServer  : Tomcat initialized with port(s): 8888 (http)
2018-12-18 20:16:07.562  INFO 13019 --- [restartedMain] o.apache.catalina.core.StandardService   : Starting service [Tomcat]
2018-12-18 20:16:07.563  INFO 13019 --- [restartedMain] org.apache.catalina.core.StandardEngine  : Starting Servlet Engine: Apache Tomcat/9.0.13
2018-12-18 20:16:07.600  INFO 13019 --- [restartedMain] o.a.c.c.C.[Tomcat].[localhost].[/]       : Initializing Spring embedded WebApplicationContext
2018-12-18 20:16:07.600  INFO 13019 --- [restartedMain] o.s.web.context.ContextLoader            : Root WebApplicationContext: initialization completed in 225 ms
2018-12-18 20:16:07.691  INFO 13019 --- [restartedMain] o.s.s.concurrent.ThreadPoolTaskExecutor  : Initializing ExecutorService 'applicationTaskExecutor'
2018-12-18 20:16:07.739  INFO 13019 --- [restartedMain] o.s.b.d.a.OptionalLiveReloadServer       : LiveReload server is running on port 35729
2018-12-18 20:16:07.751  INFO 13019 --- [restartedMain] o.s.b.w.embedded.tomcat.TomcatWebServer  : Tomcat started on port(s): 8888 (http) with context path ''
2018-12-18 20:16:07.751  INFO 13019 --- [restartedMain] com.Tester.tester.TesterApplication      : Started TesterApplication in 0.389 seconds (JVM running for 131.814)
2018-12-18 20:16:07.753  INFO 13019 --- [restartedMain] .ConditionEvaluationDeltaLoggingListener : Condition evaluation unchanged
2018-12-18 20:16:15.151  INFO 13019 --- [Thread-40] o.s.s.concurrent.ThreadPoolTaskExecutor  : Shutting down ExecutorService 'applicationTaskExecutor'
2018-12-18 20:16:40.121 ERROR 13019 --- [restartedMain] o.s.b.c.l.LoggingApplicationListener     : Cannot set level '' for 'com.Tester'
2018-12-18 20:16:43.894 ERROR 13019 --- [restartedMain] o.s.b.c.l.LoggingApplicationListener     : Cannot set level '' for 'com.Tester'
2018-12-18 20:17:56.685 ERROR 13019 --- [restartedMain] o.s.b.c.l.LoggingApplicationListener     : Cannot set level 'tester' for 'com.Tester'
2018-12-18 20:18:26.458  INFO 13019 --- [restartedMain] com.Tester.tester.TesterApplication      : Starting TesterApplication on bobohaha with PID 13019 (/home/bobo/tester/target/classes started by bobo in /home/bobo/tester)
2018-12-18 20:18:26.459 DEBUG 13019 --- [restartedMain] com.Tester.tester.TesterApplication      : Running with Spring Boot v2.1.1.RELEASE, Spring v5.1.3.RELEASE
2018-12-18 20:18:26.459  INFO 13019 --- [restartedMain] com.Tester.tester.TesterApplication      : The following profiles are active: test
2018-12-18 20:18:26.752  INFO 13019 --- [restartedMain] com.Tester.tester.TesterApplication      : Started TesterApplication in 0.304 seconds (JVM running for 270.815)
2018-12-18 20:20:13.817  INFO 13019 --- [restartedMain] com.Tester.tester.TesterApplication      : Starting TesterApplication on bobohaha with PID 13019 (/home/bobo/tester/target/classes started by bobo in /home/bobo/tester)
2018-12-18 20:20:13.818 DEBUG 13019 --- [restartedMain] com.Tester.tester.TesterApplication      : Running with Spring Boot v2.1.1.RELEASE, Spring v5.1.3.RELEASE
2018-12-18 20:20:13.818  INFO 13019 --- [restartedMain] com.Tester.tester.TesterApplication      : The following profiles are active: test
2018-12-18 20:20:14.114  INFO 13019 --- [restartedMain] com.Tester.tester.TesterApplication      : Started TesterApplication in 0.308 seconds (JVM running for 378.176)
2018-12-18 20:21:07.664  INFO 13019 --- [restartedMain] com.Tester.tester.TesterApplication      : Starting TesterApplication on bobohaha with PID 13019 (/home/bobo/tester/target/classes started by bobo in /home/bobo/tester)
2018-12-18 20:21:07.665 DEBUG 13019 --- [restartedMain] com.Tester.tester.TesterApplication      : Running with Spring Boot v2.1.1.RELEASE, Spring v5.1.3.RELEASE
2018-12-18 20:21:07.665  INFO 13019 --- [restartedMain] com.Tester.tester.TesterApplication      : The following profiles are active: test
2018-12-18 20:21:07.906  INFO 13019 --- [restartedMain] com.Tester.tester.TesterApplication      : Started TesterApplication in 0.252 seconds (JVM running for 431.969)
2018-12-18 20:21:23.379  INFO 13019 --- [restartedMain] com.Tester.tester.TesterApplication      : Starting TesterApplication on bobohaha with PID 13019 (/home/bobo/tester/target/classes started by bobo in /home/bobo/tester)
2018-12-18 20:21:23.379 DEBUG 13019 --- [restartedMain] com.Tester.tester.TesterApplication      : Running with Spring Boot v2.1.1.RELEASE, Spring v5.1.3.RELEASE
2018-12-18 20:21:23.379  INFO 13019 --- [restartedMain] com.Tester.tester.TesterApplication      : The following profiles are active: test
2018-12-18 20:21:23.611  INFO 13019 --- [restartedMain] com.Tester.tester.TesterApplication      : Started TesterApplication in 0.243 seconds (JVM running for 447.674)
2018-12-18 20:21:31.151  INFO 13019 --- [restartedMain] com.Tester.tester.TesterApplication      : Starting TesterApplication on bobohaha with PID 13019 (/home/bobo/tester/target/classes started by bobo in /home/bobo/tester)
2018-12-18 20:21:31.151 DEBUG 13019 --- [restartedMain] com.Tester.tester.TesterApplication      : Running with Spring Boot v2.1.1.RELEASE, Spring v5.1.3.RELEASE
2018-12-18 20:21:31.151  INFO 13019 --- [restartedMain] com.Tester.tester.TesterApplication      : The following profiles are active: test
2018-12-18 20:21:31.502  INFO 13019 --- [restartedMain] com.Tester.tester.TesterApplication      : Started TesterApplication in 0.373 seconds (JVM running for 455.565)
2018-12-18 20:22:20.102  INFO 13019 --- [restartedMain] com.Tester.tester.TesterApplication      : Starting TesterApplication on bobohaha with PID 13019 (/home/bobo/tester/target/classes started by bobo in /home/bobo/tester)
2018-12-18 20:22:20.103 DEBUG 13019 --- [restartedMain] com.Tester.tester.TesterApplication      : Running with Spring Boot v2.1.1.RELEASE, Spring v5.1.3.RELEASE
2018-12-18 20:22:20.103  INFO 13019 --- [restartedMain] com.Tester.tester.TesterApplication      : The following profiles are active: test
2018-12-18 20:22:20.314  INFO 13019 --- [restartedMain] com.Tester.tester.TesterApplication      : Started TesterApplication in 0.221 seconds (JVM running for 504.376)
2018-12-18 20:22:30.829  INFO 13019 --- [restartedMain] com.Tester.tester.TesterApplication      : Starting TesterApplication on bobohaha with PID 13019 (/home/bobo/tester/target/classes started by bobo in /home/bobo/tester)
2018-12-18 20:22:30.829 DEBUG 13019 --- [restartedMain] com.Tester.tester.TesterApplication      : Running with Spring Boot v2.1.1.RELEASE, Spring v5.1.3.RELEASE
2018-12-18 20:22:30.829  INFO 13019 --- [restartedMain] com.Tester.tester.TesterApplication      : The following profiles are active: test
2018-12-18 20:22:31.056  INFO 13019 --- [restartedMain] com.Tester.tester.TesterApplication      : Started TesterApplication in 0.235 seconds (JVM running for 515.118)
2018-12-18 20:22:48.581  INFO 13019 --- [restartedMain] com.Tester.tester.TesterApplication      : Starting TesterApplication on bobohaha with PID 13019 (/home/bobo/tester/target/classes started by bobo in /home/bobo/tester)
2018-12-18 20:22:48.581 DEBUG 13019 --- [restartedMain] com.Tester.tester.TesterApplication      : Running with Spring Boot v2.1.1.RELEASE, Spring v5.1.3.RELEASE
2018-12-18 20:22:48.581  INFO 13019 --- [restartedMain] com.Tester.tester.TesterApplication      : The following profiles are active: test
2018-12-18 20:22:48.774  INFO 13019 --- [restartedMain] com.Tester.tester.TesterApplication      : Started TesterApplication in 0.204 seconds (JVM running for 532.837)
2018-12-18 20:22:57.278  INFO 13019 --- [restartedMain] com.Tester.tester.TesterApplication      : Starting TesterApplication on bobohaha with PID 13019 (/home/bobo/tester/target/classes started by bobo in /home/bobo/tester)
2018-12-18 20:22:57.278 DEBUG 13019 --- [restartedMain] com.Tester.tester.TesterApplication      : Running with Spring Boot v2.1.1.RELEASE, Spring v5.1.3.RELEASE
2018-12-18 20:22:57.278  INFO 13019 --- [restartedMain] com.Tester.tester.TesterApplication      : The following profiles are active: test
2018-12-18 20:22:57.472  INFO 13019 --- [restartedMain] com.Tester.tester.TesterApplication      : Started TesterApplication in 0.204 seconds (JVM running for 541.535)
2018-12-18 20:23:06.987  INFO 13019 --- [restartedMain] com.Tester.tester.TesterApplication      : Starting TesterApplication on bobohaha with PID 13019 (/home/bobo/tester/target/classes started by bobo in /home/bobo/tester)
2018-12-18 20:23:06.987 DEBUG 13019 --- [restartedMain] com.Tester.tester.TesterApplication      : Running with Spring Boot v2.1.1.RELEASE, Spring v5.1.3.RELEASE
2018-12-18 20:23:06.987  INFO 13019 --- [restartedMain] com.Tester.tester.TesterApplication      : The following profiles are active: test
2018-12-18 20:23:07.168  INFO 13019 --- [restartedMain] com.Tester.tester.TesterApplication      : Started TesterApplication in 0.189 seconds (JVM running for 551.231)
2018-12-18 20:23:22.680  INFO 13019 --- [restartedMain] com.Tester.tester.TesterApplication      : Starting TesterApplication on bobohaha with PID 13019 (/home/bobo/tester/target/classes started by bobo in /home/bobo/tester)
2018-12-18 20:23:22.680 DEBUG 13019 --- [restartedMain] com.Tester.tester.TesterApplication      : Running with Spring Boot v2.1.1.RELEASE, Spring v5.1.3.RELEASE
2018-12-18 20:23:22.680  INFO 13019 --- [restartedMain] com.Tester.tester.TesterApplication      : The following profiles are active: test
2018-12-18 20:23:22.880  INFO 13019 --- [restartedMain] com.Tester.tester.TesterApplication      : Started TesterApplication in 0.211 seconds (JVM running for 566.942)
2018-12-18 20:23:33.527 TRACE 13019 --- [http-nio-8888-exec-1] com.Tester.tester.TvServiceController    : test
2018-12-18 20:23:48.404  INFO 13019 --- [restartedMain] com.Tester.tester.TesterApplication      : Starting TesterApplication on bobohaha with PID 13019 (/home/bobo/tester/target/classes started by bobo in /home/bobo/tester)
2018-12-18 20:23:48.405 DEBUG 13019 --- [restartedMain] com.Tester.tester.TesterApplication      : Running with Spring Boot v2.1.1.RELEASE, Spring v5.1.3.RELEASE
2018-12-18 20:23:48.405  INFO 13019 --- [restartedMain] com.Tester.tester.TesterApplication      : The following profiles are active: test
2018-12-18 20:23:48.593  INFO 13019 --- [restartedMain] com.Tester.tester.TesterApplication      : Started TesterApplication in 0.197 seconds (JVM running for 592.655)
2018-12-18 20:24:00.101  INFO 13019 --- [restartedMain] com.Tester.tester.TesterApplication      : Starting TesterApplication on bobohaha with PID 13019 (/home/bobo/tester/target/classes started by bobo in /home/bobo/tester)
2018-12-18 20:24:00.101 DEBUG 13019 --- [restartedMain] com.Tester.tester.TesterApplication      : Running with Spring Boot v2.1.1.RELEASE, Spring v5.1.3.RELEASE
2018-12-18 20:24:00.101  INFO 13019 --- [restartedMain] com.Tester.tester.TesterApplication      : The following profiles are active: test
2018-12-18 20:24:00.391  INFO 13019 --- [restartedMain] com.Tester.tester.TesterApplication      : Started TesterApplication in 0.309 seconds (JVM running for 604.454)
